Arguments: 
  /Users/gabriel.hernandez/.nvm/versions/node/v12.16.3/bin/node /Users/gabriel.hernandez/.yarn/bin/yarn.js add node-mon

PATH: 
  /Users/gabriel.hernandez/.nvm/versions/node/v12.16.3/bin:/Users/gabriel.hernandez/.yarn/bin:/Users/gabriel.hernandez/.config/yarn/global/node_modules/.bin:/usr/local/bin:/usr/bin:/bin:/usr/sbin:/sbin:/Library/Apple/usr/bin:/bin:/bin:/Users/gabriel.hernandez/bin:/Users/gabriel.hernandez/workspace/amazon-ecr-credential-helper/bin/local

Yarn version: 
  1.15.2

Node version: 
  12.16.3

Platform: 
  darwin x64

Trace: 
  Error: https://registry.yarnpkg.com/node-mon: Not found
      at Request.params.callback [as _callback] (/Users/gabriel.hernandez/.yarn/lib/cli.js:66058:18)
      at Request.self.callback (/Users/gabriel.hernandez/.yarn/lib/cli.js:129541:22)
      at Request.emit (events.js:310:20)
      at Request.<anonymous> (/Users/gabriel.hernandez/.yarn/lib/cli.js:130513:10)
      at Request.emit (events.js:310:20)
      at IncomingMessage.<anonymous> (/Users/gabriel.hernandez/.yarn/lib/cli.js:130435:12)
      at Object.onceWrapper (events.js:416:28)
      at IncomingMessage.emit (events.js:322:22)
      at endReadableNT (_stream_readable.js:1187:12)
      at processTicksAndRejections (internal/process/task_queues.js:84:21)

npm manifest: 
  {
    "name": "token-maker",
    "version": "1.0.0",
    "description": "DSurion Animated NPC Token Maker",
    "main": "src/server.js",
    "scripts": {
      "start": "node src/server.js",
      "test": "test"
    },
    "repository": {
      "type": "git",
      "url": "git+ssh://git@github.com/watcherdm/token-maker.git"
    },
    "keywords": [
      "5e",
      "roll20",
      "token",
      "animated",
      "gif"
    ],
    "author": "Gabriel Hernandez <watcher.gabriel.joshua@gmail.com>",
    "license": "UNLICENSED",
    "bugs": {
      "url": "https://github.com/watcherdm/token-maker/issues"
    },
    "homepage": "https://github.com/watcherdm/token-maker#readme",
    "dependencies": {
      "express": "^4.17.1",
      "gifencoder": "^2.0.1",
      "node-static": "^0.7.11"
    }
  }

yarn manifest: 
  No manifest

Lockfile: 
  No lockfile
